[debug] [2025-01-14T16:02:12.782Z] ----------------------------------------------------------------------
[debug] [2025-01-14T16:02:12.789Z] Command:       C:\Program Files\nodejs\node.exe C:\Users\hp\AppData\Roaming\npm\node_modules\firebase-tools\lib\bin\firebase.js init emulators
[debug] [2025-01-14T16:02:12.790Z] CLI Version:   12.4.8
[debug] [2025-01-14T16:02:12.791Z] Platform:      win32
[debug] [2025-01-14T16:02:12.791Z] Node Version:  v20.18.0
[debug] [2025-01-14T16:02:12.792Z] Time:          Tue Jan 14 2025 21:02:12 GMT+0500 (Pakistan Standard Time)
[debug] [2025-01-14T16:02:12.792Z] ----------------------------------------------------------------------
[debug] 
[debug] [2025-01-14T16:02:12.809Z] > command requires scopes: ["email","openid","https://www.googleapis.com/auth/cloudplatformprojects.readonly","https://www.googleapis.com/auth/firebase","https://www.googleapis.com/auth/cloud-platform"]
[debug] [2025-01-14T16:02:12.810Z] > authorizing via signed-in user (usamanaveed483@gmail.com)
[info] 
     ######## #### ########  ######## ########     ###     ######  ########
     ##        ##  ##     ## ##       ##     ##  ##   ##  ##       ##
     ######    ##  ########  ######   ########  #########  ######  ######
     ##        ##  ##    ##  ##       ##     ## ##     ##       ## ##
     ##       #### ##     ## ######## ########  ##     ##  ######  ########

You're about to initialize a Firebase project in this directory:

  C:\Freelancer\PurjiLawago_ReactJs\purjilagwo

Before we get started, keep in mind:

  * You are currently outside your home directory

[info] 
=== Project Setup
[info] 
[info] First, let's associate this project directory with a Firebase project.
[info] You can create multiple project aliases by running firebase use --add, 
[info] but for now we'll just set up a default project.
[info] 
